2015-10-27-194400-Open Water Swim-SwimIO.fit
2025-03-01-081005-Climbing-Strava.fit
2024-08-09-183611-Climbing-Redpoint.fit
2024-10-24-193049-Outdoor Walking-Aleks’s Apple Watch.fit
2024-09-01-221202-Outdoor Cycling-Aleks’s Apple Watch.fit
2024-09-21-002143-Outdoor Cycling-Aleks’s Apple Watch.fit
2024-07-23-221942-Climbing-Strava.fit
2024-07-27-123008-Climbing-Strava.fit
2025-01-16-211636-Pool Swim-Aleks’s Apple Watch.fit
2025-03-16-112444-Outdoor Cycling-Aleks’s Apple Watch.fit
2024-12-01-002432-Outdoor Walking-Aleks’s Apple Watch.fit
2024-08-18-185314-Outdoor Cycling-Aleks’s Apple Watch.fit
2024-10-08-185251-Outdoor Walking-Aleks’s Apple Watch.fit
2024-07-28-000756-Pool Swim-Aleks’s Apple Watch.fit
2024-09-09-213812-Outdoor Walking-Aleks’s Apple Watch.fit
2024-12-10-193019-Climbing-Redpoint.fit
2024-10-29-224114-Outdoor Walking-Aleks’s Apple Watch.fit
2024-09-20-160924-Outdoor Walking-Aleks’s Apple Watch.fit
2024-07-20-204226-Outdoor Cycling-Aleks’s Apple Watch.fit
2024-12-03-212636-Outdoor Walking-Aleks’s Apple Watch.fit
2024-07-20-154934-Outdoor Cycling-Aleks’s Apple Watch.fit
2024-08-09-184537-Climbing-Strava.fit
2024-07-23-222141-Climbing-Redpoint.fit
2024-08-15-230943-Outdoor Cycling-Aleks’s Apple Watch.fit
2024-09-23-213656-Pool Swim-Aleks’s Apple Watch.fit
2024-11-25-200026-Outdoor Walking-Aleks’s Apple Watch.fit
2024-08-10-162804-Outdoor Cycling-Aleks’s Apple Watch.fit
2024-08-09-184428-Climbing-Redpoint.fit
2024-11-27-211119-Other-Variometer.fit
2024-08-15-205909-Climbing-Strava.fit
2024-12-26-213600-Outdoor Walking-Aleks’s Apple Watch.fit
2025-03-15-214146-Indoor Walking-Aleks’s Apple Watch.fit
2024-11-27-193332-Climbing-Strava.fit
2024-08-09-184451-Climbing-Redpoint.fit
2024-12-27-032444-Outdoor Walking-Aleks’s Apple Watch.fit
2024-07-26-204714-Outdoor Cycling-Aleks’s Apple Watch.fit
2024-08-15-145528-Outdoor Cycling-Aleks’s Apple Watch.fit
2024-08-15-224848-Cross Training-NTC.fit
2024-08-28-224106-Outdoor Cycling-Aleks’s Apple Watch.fit
2024-11-02-210102-Other-Variometer.fit
2024-10-30-210247-Outdoor Walking-Aleks’s Apple Watch.fit
2024-10-11-221453-Outdoor Walking-Aleks’s Apple Watch.fit
2024-08-25-153002-Pool Swim-Aleks’s Apple Watch.fit
2020-04-14-211501-Outdoor Cycling-Strava.fit
2024-11-03-025139-Outdoor Walking-Aleks’s Apple Watch.fit
2024-08-09-225223-Indoor Running-Aleks’s Apple Watch.fit
2025-01-28-213713-Outdoor Walking-Aleks’s Apple Watch.fit
2025-03-11-222959-Outdoor Cycling-Aleks’s Apple Watch.fit
2024-07-30-221002-Outdoor Walking-Aleks’s Apple Watch.fit
2024-08-15-155806-Outdoor Cycling-Aleks’s Apple Watch.fit
2024-09-07-215525-Outdoor Walking-Aleks’s Apple Watch.fit
2024-08-11-144159-Outdoor Cycling-Aleks’s Apple Watch.fit
2024-08-10-133034-Outdoor Running-Nike Run Club.fit
2024-09-01-211555-Pool Swim-Aleks’s Apple Watch.fit
2024-09-16-192545-Outdoor Walking-Aleks’s Apple Watch.fit
2024-10-12-205151-Outdoor Walking-Aleks’s Apple Watch.fit
2024-08-14-220035-Outdoor Cycling-Aleks’s Apple Watch.fit
2024-08-11-172440-Outdoor Cycling-Aleks’s Apple Watch.fit
2025-03-16-191121-Outdoor Running-Aleks’s Apple Watch.fit
2025-01-25-210012-Indoor Walking-Aleks’s Apple Watch.fit
2024-11-28-195409-Hiking-Aleks’s Apple Watch.fit
2024-08-17-160058-Open Water Swim-Aleks’s Apple Watch.fit
2024-09-20-204304-Outdoor Cycling-Aleks’s Apple Watch.fit
2024-08-09-184533-Climbing-Redpoint.fit
2025-01-18-083854-Pool Swim-Aleks’s Apple Watch.fit
2024-12-18-214711-Indoor Walking-Aleks’s Apple Watch.fit
2025-01-04-044151-Outdoor Walking-Aleks’s Apple Watch.fit
2024-10-20-035139-Indoor Walking-Aleks’s Apple Watch.fit
2024-11-02-043650-Outdoor Walking-Aleks’s Apple Watch.fit
2025-02-06-210451-Pool Swim-Aleks’s Apple Watch.fit
2024-09-02-182022-Outdoor Cycling-Aleks’s Apple Watch.fit
2025-02-05-132745-Outdoor Walking-Aleks’s Apple Watch.fit
2025-03-01-075407-Climbing-Redpoint.fit
2024-11-17-115005-Outdoor Walking-Aleks’s Apple Watch.fit
2024-08-15-130213-Outdoor Running-Nike Run Club.fit
2025-01-14-194045-Climbing-Redpoint.fit
2025-03-09-204711-Outdoor Cycling-Aleks’s Apple Watch.fit
2024-10-28-200319-Outdoor Walking-Aleks’s Apple Watch.fit
2024-07-27-120225-Outdoor Cycling-Aleks’s Apple Watch.fit
2024-11-30-002136-Outdoor Walking-Aleks’s Apple Watch.fit
2024-10-19-171223-Climbing-Redpoint.fit
2025-02-04-192034-Climbing-Redpoint.fit
2024-08-23-143325-Outdoor Cycling-Aleks’s Apple Watch.fit
2025-03-15-210000-Outdoor Running-Strava.fit
2025-03-16-132748-Outdoor Cycling-Aleks’s Apple Watch.fit
2024-10-25-090810-Hiking-Aleks’s Apple Watch.fit
2024-07-23-221938-Climbing-Redpoint.fit
2015-11-03-162026-Open Water Swim-SwimIO.fit
2025-03-11-185652-Outdoor Cycling-Aleks’s Apple Watch.fit
2024-07-23-212145-Climbing-Strava.fit
2024-10-29-191656-Climbing-Redpoint.fit
2025-02-08-163329-Outdoor Walking-Aleks’s Apple Watch.fit
2024-10-15-192902-Climbing-Strava.fit
2025-03-10-202137-Outdoor Cycling-Aleks’s Apple Watch.fit
2024-08-05-021918-Other-Variometer.fit
2024-10-22-192744-Climbing-Strava.fit
2024-08-17-150136-Outdoor Cycling-Aleks’s Apple Watch.fit
2025-03-15-204540-Outdoor Cycling-Aleks’s Apple Watch.fit
2024-07-30-201337-Outdoor Walking-Aleks’s Apple Watch.fit
2024-07-28-192138-Indoor Walking-Aleks’s Apple Watch.fit
2025-02-21-050814-Outdoor Walking-Aleks’s Apple Watch.fit
2025-01-28-191231-Climbing-Redpoint.fit
2024-08-13-212931-Climbing-Redpoint.fit
2024-12-05-223117-Outdoor Walking-Aleks’s Apple Watch.fit
2024-08-01-234504-Outdoor Walking-Aleks’s Apple Watch.fit
2024-08-09-183617-Climbing-Strava.fit
2024-08-09-175528-Outdoor Cycling-Aleks’s Apple Watch.fit
2024-11-03-073947-Outdoor Walking-Aleks’s Apple Watch.fit
2024-09-26-172858-Outdoor Walking-Aleks’s Apple Watch.fit
2025-03-11-192531-Climbing-Redpoint.fit
2024-10-16-201525-Climbing-Redpoint.fit
